<?xml version="1.0" encoding="UTF-8"?>
<!-- Generated by org.testng.reporters.JUnitReportReporter -->
<testsuite hostname="DESKTOP-8IR8Q8T" failures="0" tests="1" name="runner.Runner" time="4.965" errors="0" timestamp="2023-01-18T17:06:12 IST" skipped="0">
  <testcase classname="runner.Runner" name="runScenario" time="4.965"/>
  <system-out/>
</testsuite> <!-- runner.Runner -->
